TN:
SF:src/router.ts
FN:25,(anonymous_0)
FN:38,(anonymous_1)
FNF:2
FNH:2
FNDA:4,(anonymous_0)
FNDA:6,(anonymous_1)
DA:1,2
DA:2,2
DA:3,2
DA:4,2
DA:6,2
DA:9,2
DA:11,2
DA:17,2
DA:25,4
DA:30,2
DA:38,6
DA:44,2
DA:50,2
DA:56,2
LF:14
LH:14
BRF:0
BRH:0
end_of_record
TN:
SF:src/server.ts
FN:7,connectDB
FN:28,(anonymous_2)
FNF:2
FNH:2
FNDA:3,connectDB
FNDA:1,(anonymous_2)
DA:1,2
DA:2,2
DA:3,2
DA:4,2
DA:7,2
DA:8,3
DA:9,3
DA:10,2
DA:13,1
DA:14,1
DA:18,2
DA:21,2
DA:24,2
DA:26,2
DA:28,2
DA:29,1
DA:32,2
LF:17
LH:17
BRF:0
BRH:0
end_of_record
TN:
SF:src/config/db.ts
FNF:0
FNH:0
DA:1,2
DA:2,2
DA:3,2
DA:5,2
DA:10,2
LF:5
LH:5
BRF:0
BRH:0
end_of_record
TN:
SF:src/handlers/product.ts
FN:4,(anonymous_1)
FN:16,(anonymous_2)
FN:34,(anonymous_3)
FN:44,(anonymous_4)
FN:63,(anonymous_5)
FN:83,(anonymous_6)
FNF:6
FNH:6
FNDA:2,(anonymous_1)
FNDA:2,(anonymous_2)
FNDA:1,(anonymous_3)
FNDA:2,(anonymous_4)
FNDA:2,(anonymous_5)
FNDA:2,(anonymous_6)
DA:2,2
DA:4,2
DA:5,2
DA:6,2
DA:9,2
DA:11,0
DA:12,0
DA:16,2
DA:17,2
DA:18,2
DA:19,2
DA:23,2
DA:24,1
DA:27,1
DA:29,0
DA:30,0
DA:34,2
DA:35,1
DA:36,1
DA:37,1
DA:39,0
DA:40,0
DA:44,2
DA:45,2
DA:46,2
DA:47,2
DA:49,2
DA:50,1
DA:53,1
DA:54,1
DA:56,1
DA:58,0
DA:59,0
DA:63,2
DA:64,2
DA:65,2
DA:66,2
DA:68,2
DA:69,1
DA:73,1
DA:74,1
DA:76,1
DA:78,0
DA:79,0
DA:83,2
DA:84,2
DA:85,2
DA:86,2
DA:88,2
DA:89,1
DA:92,1
DA:94,1
DA:96,0
DA:97,0
LF:54
LH:42
BRDA:23,0,0,1
BRDA:23,0,1,1
BRDA:49,1,0,1
BRDA:49,1,1,1
BRDA:68,2,0,1
BRDA:68,2,1,1
BRDA:88,3,0,1
BRDA:88,3,1,1
BRF:8
BRH:8
end_of_record
TN:
SF:src/middleware/index.ts
FN:4,(anonymous_0)
FNF:1
FNH:1
FNDA:19,(anonymous_0)
DA:2,2
DA:4,2
DA:5,19
DA:6,19
DA:7,10
DA:10,9
LF:6
LH:6
BRDA:6,0,0,10
BRDA:6,0,1,9
BRF:2
BRH:2
end_of_record
TN:
SF:src/models/Product.model.ts
FNF:0
FNH:0
DA:1,3
DA:7,3
DA:11,3
DA:16,3
DA:22,3
DA:25,3
LF:6
LH:6
BRF:0
BRH:0
end_of_record
